2024-04-09 15:40:08+0900: Running with following config:
allowResignation = true
lagBuffer = 1.0
logAllGTPCommunication = true
logDir = gtp_logs
logSearchInfo = true
logSearchInfoForChosenMove = false
logToStderr = false
maxTimePondering = 60.0
maxVisits = 500
numSearchThreads = 6
ponderingEnabled = false
resignConsecTurns = 3
resignThreshold = -0.90
rules = tromp-taylor
searchFactorAfterOnePass = 0.50
searchFactorAfterTwoPass = 0.25
searchFactorWhenWinning = 0.40
searchFactorWhenWinningThreshold = 0.95

2024-04-09 15:40:08+0900: GTP Engine starting...
2024-04-09 15:40:08+0900: KataGo v1.14.1
2024-04-09 15:40:08+0900: Using TrompTaylor rules initially, unless GTP/GUI overrides this
2024-04-09 15:40:08+0900: Using 6 CPU thread(s) for search
2024-04-09 15:40:09+0900: nnRandSeed0 = 13405023546581912233
2024-04-09 15:40:09+0900: After dedups: nnModelFile0 = /home/yungoon/katago/kata18.bin.gz useFP16 auto useNHWC auto
2024-04-09 15:40:09+0900: Initializing neural net buffer to be size 19 * 19 exactly
