2024-04-11 11:27:56+0900: Running with following config:
allowResignation = true
lagBuffer = 1.0
logAllGTPCommunication = true
logDir = gtp_logs
logSearchInfo = true
logSearchInfoForChosenMove = false
logToStderr = false
maxTimePondering = 60.0
maxVisits = 500
numSearchThreads = 6
ponderingEnabled = false
resignConsecTurns = 3
resignThreshold = -0.90
rules = tromp-taylor
searchFactorAfterOnePass = 0.50
searchFactorAfterTwoPass = 0.25
searchFactorWhenWinning = 0.40
searchFactorWhenWinningThreshold = 0.95

2024-04-11 11:27:56+0900: GTP Engine starting...
2024-04-11 11:27:56+0900: KataGo v1.14.1
2024-04-11 11:27:56+0900: Using TrompTaylor rules initially, unless GTP/GUI overrides this
2024-04-11 11:27:56+0900: Using 6 CPU thread(s) for search
2024-04-11 11:27:56+0900: nnRandSeed0 = 450557167262683088
2024-04-11 11:27:56+0900: After dedups: nnModelFile0 = /home/capstone/katago/kata18.bin.gz useFP16 auto useNHWC auto
2024-04-11 11:27:56+0900: Initializing neural net buffer to be size 19 * 19 exactly
2024-04-11 11:27:58+0900: Eigen (CPU) backend thread 0: Model version 14
2024-04-11 11:27:58+0900: Eigen (CPU) backend thread 0: Model name: kata1-b18c384nbt-s9613886976-d4214024973
2024-04-11 11:27:58+0900: Eigen (CPU) backend thread 2: Model version 14
2024-04-11 11:27:58+0900: Eigen (CPU) backend thread 2: Model name: kata1-b18c384nbt-s9613886976-d4214024973
2024-04-11 11:27:58+0900: Eigen (CPU) backend thread 1: Model version 14
2024-04-11 11:27:58+0900: Eigen (CPU) backend thread 1: Model name: kata1-b18c384nbt-s9613886976-d4214024973
2024-04-11 11:27:58+0900: Eigen (CPU) backend thread 3: Model version 14
2024-04-11 11:27:58+0900: Eigen (CPU) backend thread 4: Model version 14
2024-04-11 11:27:58+0900: Eigen (CPU) backend thread 4: Model name: kata1-b18c384nbt-s9613886976-d4214024973
2024-04-11 11:27:58+0900: Eigen (CPU) backend thread 3: Model name: kata1-b18c384nbt-s9613886976-d4214024973
2024-04-11 11:27:58+0900: Eigen (CPU) backend thread 5: Model version 14
2024-04-11 11:27:58+0900: Eigen (CPU) backend thread 5: Model name: kata1-b18c384nbt-s9613886976-d4214024973
2024-04-11 11:27:59+0900: Loaded neural net with nnXLen 19 nnYLen 19
2024-04-11 11:27:59+0900: Initializing board with boardXSize 19 boardYSize 19
2024-04-11 11:27:59+0900: Loaded config /home/capstone/katago/default_gtp.cfg
2024-04-11 11:27:59+0900: Loaded model /home/capstone/katago/kata18.bin.gz
2024-04-11 11:27:59+0900: Model name: kata1-b18c384nbt-s9613886976-d4214024973
2024-04-11 11:27:59+0900: GTP ready, beginning main protocol loop
2024-04-11 11:27:59+0900: Controller: play black Q4
2024-04-11 11:27:59+0900: = 
2024-04-11 11:27:59+0900: Controller: genmove white
