2024-04-09 16:14:05+0900: Running with following config:
allowResignation = true
lagBuffer = 1.0
logAllGTPCommunication = true
logDir = gtp_logs
logSearchInfo = true
logSearchInfoForChosenMove = false
logToStderr = false
maxTimePondering = 60.0
maxVisits = 500
numSearchThreads = 6
ponderingEnabled = false
resignConsecTurns = 3
resignThreshold = -0.90
rules = tromp-taylor
searchFactorAfterOnePass = 0.50
searchFactorAfterTwoPass = 0.25
searchFactorWhenWinning = 0.40
searchFactorWhenWinningThreshold = 0.95

2024-04-09 16:14:05+0900: GTP Engine starting...
2024-04-09 16:14:05+0900: KataGo v1.14.1
2024-04-09 16:14:05+0900: Using TrompTaylor rules initially, unless GTP/GUI overrides this
2024-04-09 16:14:05+0900: Using 6 CPU thread(s) for search
2024-04-09 16:14:05+0900: nnRandSeed0 = 5856898392470130430
2024-04-09 16:14:05+0900: After dedups: nnModelFile0 = /home/capstone/katago/KataGo6b.gz useFP16 auto useNHWC auto
2024-04-09 16:14:05+0900: Initializing neural net buffer to be size 19 * 19 exactly
2024-04-09 16:14:06+0900: Eigen (CPU) backend thread 0: Model version 8
2024-04-09 16:14:06+0900: Eigen (CPU) backend thread 0: Model name: g170-b6c96-s175395328-d26788732
2024-04-09 16:14:06+0900: Eigen (CPU) backend thread 2: Model version 8
2024-04-09 16:14:06+0900: Eigen (CPU) backend thread 2: Model name: g170-b6c96-s175395328-d26788732
2024-04-09 16:14:06+0900: Eigen (CPU) backend thread 3: Model version 8
2024-04-09 16:14:06+0900: Eigen (CPU) backend thread 4: Model version 8
2024-04-09 16:14:06+0900: Eigen (CPU) backend thread 4: Model name: g170-b6c96-s175395328-d26788732
2024-04-09 16:14:06+0900: Eigen (CPU) backend thread 1: Model version 8
2024-04-09 16:14:06+0900: Eigen (CPU) backend thread 5: Model version 8
2024-04-09 16:14:06+0900: Eigen (CPU) backend thread 5: Model name: g170-b6c96-s175395328-d26788732
2024-04-09 16:14:06+0900: Eigen (CPU) backend thread 3: Model name: g170-b6c96-s175395328-d26788732
2024-04-09 16:14:06+0900: Eigen (CPU) backend thread 1: Model name: g170-b6c96-s175395328-d26788732
2024-04-09 16:14:06+0900: Loaded neural net with nnXLen 19 nnYLen 19
2024-04-09 16:14:06+0900: Initializing board with boardXSize 19 boardYSize 19
2024-04-09 16:14:06+0900: Loaded config /home/capstone/katago/default_gtp.cfg
2024-04-09 16:14:06+0900: Loaded model /home/capstone/katago/KataGo6b.gz
2024-04-09 16:14:06+0900: Model name: g170-b6c96-s175395328-d26788732
2024-04-09 16:14:06+0900: GTP ready, beginning main protocol loop
2024-04-09 16:14:06+0900: Controller: boardsize 19
2024-04-09 16:14:06+0900: = 
2024-04-09 16:14:06+0900: Controller: komi 6.5
2024-04-09 16:14:06+0900: = 
2024-04-09 16:14:11+0900: Controller: play black D16
2024-04-09 16:14:11+0900: = 
2024-04-09 16:14:11+0900: Controller: final_score
2024-04-09 16:14:12+0900: = B+0.5
2024-04-09 16:14:13+0900: GPU -1 finishing, processed 44 rows 41 batches
2024-04-09 16:14:13+0900: GPU -1 finishing, processed 39 rows 39 batches
2024-04-09 16:14:13+0900: GPU -1 finishing, processed 41 rows 41 batches
2024-04-09 16:14:13+0900: GPU -1 finishing, processed 45 rows 45 batches
2024-04-09 16:14:13+0900: GPU -1 finishing, processed 46 rows 46 batches
2024-04-09 16:14:13+0900: GPU -1 finishing, processed 41 rows 40 batches
2024-04-09 16:14:13+0900: All cleaned up, quitting
