2024-04-11 11:25:02+0900: Running with following config:
allowResignation = true
lagBuffer = 1.0
logAllGTPCommunication = true
logDir = gtp_logs
logSearchInfo = true
logSearchInfoForChosenMove = false
logToStderr = false
maxTimePondering = 60.0
maxVisits = 500
numSearchThreads = 6
ponderingEnabled = false
resignConsecTurns = 3
resignThreshold = -0.90
rules = tromp-taylor
searchFactorAfterOnePass = 0.50
searchFactorAfterTwoPass = 0.25
searchFactorWhenWinning = 0.40
searchFactorWhenWinningThreshold = 0.95

2024-04-11 11:25:02+0900: GTP Engine starting...
2024-04-11 11:25:02+0900: KataGo v1.14.1
2024-04-11 11:25:02+0900: Using TrompTaylor rules initially, unless GTP/GUI overrides this
2024-04-11 11:25:02+0900: Using 6 CPU thread(s) for search
2024-04-11 11:25:02+0900: nnRandSeed0 = 7704879599715674232
2024-04-11 11:25:02+0900: After dedups: nnModelFile0 = /home/capstone/katago/kata18.bin.gz useFP16 auto useNHWC auto
2024-04-11 11:25:02+0900: Initializing neural net buffer to be size 19 * 19 exactly
2024-04-11 11:25:07+0900: Eigen (CPU) backend thread 0: Model version 14
2024-04-11 11:25:07+0900: Eigen (CPU) backend thread 0: Model name: kata1-b18c384nbt-s9613886976-d4214024973
2024-04-11 11:25:07+0900: Eigen (CPU) backend thread 1: Model version 14
2024-04-11 11:25:07+0900: Eigen (CPU) backend thread 1: Model name: kata1-b18c384nbt-s9613886976-d4214024973
2024-04-11 11:25:07+0900: Eigen (CPU) backend thread 2: Model version 14
2024-04-11 11:25:07+0900: Eigen (CPU) backend thread 2: Model name: kata1-b18c384nbt-s9613886976-d4214024973
2024-04-11 11:25:07+0900: Eigen (CPU) backend thread 3: Model version 14
2024-04-11 11:25:07+0900: Eigen (CPU) backend thread 3: Model name: kata1-b18c384nbt-s9613886976-d4214024973
2024-04-11 11:25:07+0900: Eigen (CPU) backend thread 4: Model version 14
2024-04-11 11:25:07+0900: Eigen (CPU) backend thread 4: Model name: kata1-b18c384nbt-s9613886976-d4214024973
2024-04-11 11:25:07+0900: Eigen (CPU) backend thread 5: Model version 14
2024-04-11 11:25:07+0900: Eigen (CPU) backend thread 5: Model name: kata1-b18c384nbt-s9613886976-d4214024973
2024-04-11 11:25:08+0900: Loaded neural net with nnXLen 19 nnYLen 19
2024-04-11 11:25:08+0900: Initializing board with boardXSize 19 boardYSize 19
2024-04-11 11:25:08+0900: Loaded config /home/capstone/katago/default_gtp.cfg
2024-04-11 11:25:08+0900: Loaded model /home/capstone/katago/kata18.bin.gz
2024-04-11 11:25:08+0900: Model name: kata1-b18c384nbt-s9613886976-d4214024973
2024-04-11 11:25:08+0900: GTP ready, beginning main protocol loop
2024-04-11 11:25:25+0900: Controller: play black Q4
2024-04-11 11:25:25+0900: = 
2024-04-11 11:25:25+0900: Controller: genmove white
2024-04-11 11:27:19+0900: MoveNum: 1 HASH: 8D78416770C53ECA02DAD0032326F0AB
   A B C D E F G H J K L M N O P Q R S T
19 . . . . . . . . . . . . . . . . . . .
18 . . . . . . . . . . . . . . . . . . .
17 . . . . . . . . . . . . . . . . . . .
16 . . . @ . . . . . . . . . . . . . . .
15 . . . . . . . . . . . . . . . . . . .
14 . . . . . . . . . . . . . . . . . . .
13 . . . . . . . . . . . . . . . . . . .
12 . . . . . . . . . . . . . . . . . . .
11 . . . . . . . . . . . . . . . . . . .
10 . . . . . . . . . . . . . . . . . . .
 9 . . . . . . . . . . . . . . . . . . .
 8 . . . . . . . . . . . . . . . . . . .
 7 . . . . . . . . . . . . . . . . . . .
 6 . . . . . . . . . . . . . . . . . . .
 5 . . . . . . . . . . . . . . . . . . .
 4 . . . . . . . . . . . . . . . X1. . .
 3 . . . . . . . . . . . . . . . . . . .
 2 . . . . . . . . . . . . . . . . . . .
 1 . . . . . . . . . . . . . . . . . . .

koPOSITIONALscoreAREAtaxNONEsui1komi7.5
Time taken: 113.835
Root visits: 505
New playouts: 505
NN rows: 422
NN batches: 420
NN avg batch size: 1.00476
PV: D16 F17 Q16 D4 E17 F16 D14 K16 R3 R4 Q3 O3 P3 P4 O2 C12
Tree:
: T  25.49c W  25.23c S   0.38c ( +1.6 L  +1.0) N     505  --  D16 F17 Q16 D4 E17 F16 D14
---White(^)---
D16 : T  25.83c W  25.57c S   0.41c ( +1.6 L  +1.0) LCB   25.22c P 50.79% WF 815.4 PSV     814 N     293  --  D16 F17 Q16 D4 E17 F16 D14 K16
D4  : T  25.84c W  25.50c S   0.40c ( +1.6 L  +0.9) LCB   25.01c P 17.50% WF 492.9 PSV     285 N     178  --  D4 C3 D3 C4 D5 B6 D16 Q16
C16 : T  21.58c W  21.46c S   0.10c ( +1.3 L  +0.8) LCB   16.33c P  1.48% WF  31.9 PSV       3 N      12  --  C16 Q16 D4 E17 R3 Q3
C4  : T  20.02c W  20.51c S  -0.02c ( +1.2 L  +0.7) LCB    8.56c P  1.04% WF  21.6 PSV       2 N       8  --  C4 Q16 D16 E3
D3  : T  20.40c W  20.53c S   0.02c ( +1.2 L  +0.8) LCB    5.51c P  0.95% WF  18.9 PSV       1 N       7  --  D3 D16 Q16 C5
C17 : T  18.08c W  18.41c S  -0.12c ( +1.1 L  +0.7) LCB   -9.69c P  1.05% WF  13.1 PSV       1 N       5  --  C17 Q17 D4
C3  : T  18.34c W  18.32c S   0.02c ( +1.2 L  +0.5) LCB -331.66c P  0.75% WF   2.7 PSV       1 N       1  --  C3

2024-04-11 11:27:19+0900: = D16
2024-04-11 11:27:19+0900: Controller: final_score
