2024-04-09 16:14:27+0900: Running with following config:
allowResignation = true
lagBuffer = 1.0
logAllGTPCommunication = true
logDir = gtp_logs
logSearchInfo = true
logSearchInfoForChosenMove = false
logToStderr = false
maxTimePondering = 60.0
maxVisits = 500
numSearchThreads = 6
ponderingEnabled = false
resignConsecTurns = 3
resignThreshold = -0.90
rules = tromp-taylor
searchFactorAfterOnePass = 0.50
searchFactorAfterTwoPass = 0.25
searchFactorWhenWinning = 0.40
searchFactorWhenWinningThreshold = 0.95

2024-04-09 16:14:27+0900: GTP Engine starting...
2024-04-09 16:14:27+0900: KataGo v1.14.1
2024-04-09 16:14:27+0900: Using TrompTaylor rules initially, unless GTP/GUI overrides this
2024-04-09 16:14:27+0900: Using 6 CPU thread(s) for search
2024-04-09 16:14:27+0900: nnRandSeed0 = 6515374505996497972
2024-04-09 16:14:27+0900: After dedups: nnModelFile0 = /home/capstone/katago/KataGo6b.gz useFP16 auto useNHWC auto
2024-04-09 16:14:27+0900: Initializing neural net buffer to be size 19 * 19 exactly
2024-04-09 16:14:27+0900: Eigen (CPU) backend thread 0: Model version 8
2024-04-09 16:14:27+0900: Eigen (CPU) backend thread 1: Model version 8
2024-04-09 16:14:27+0900: Eigen (CPU) backend thread 1: Model name: g170-b6c96-s175395328-d26788732
2024-04-09 16:14:27+0900: Eigen (CPU) backend thread 3: Model version 8
2024-04-09 16:14:27+0900: Eigen (CPU) backend thread 3: Model name: g170-b6c96-s175395328-d26788732
2024-04-09 16:14:27+0900: Eigen (CPU) backend thread 5: Model version 8
2024-04-09 16:14:27+0900: Eigen (CPU) backend thread 5: Model name: g170-b6c96-s175395328-d26788732
2024-04-09 16:14:27+0900: Eigen (CPU) backend thread 2: Model version 8
2024-04-09 16:14:27+0900: Eigen (CPU) backend thread 2: Model name: g170-b6c96-s175395328-d26788732
2024-04-09 16:14:27+0900: Eigen (CPU) backend thread 0: Model name: g170-b6c96-s175395328-d26788732
2024-04-09 16:14:27+0900: Eigen (CPU) backend thread 4: Model version 8
2024-04-09 16:14:27+0900: Eigen (CPU) backend thread 4: Model name: g170-b6c96-s175395328-d26788732
2024-04-09 16:14:27+0900: Loaded neural net with nnXLen 19 nnYLen 19
2024-04-09 16:14:27+0900: Initializing board with boardXSize 19 boardYSize 19
2024-04-09 16:14:27+0900: Loaded config /home/capstone/katago/default_gtp.cfg
2024-04-09 16:14:27+0900: Loaded model /home/capstone/katago/KataGo6b.gz
2024-04-09 16:14:27+0900: Model name: g170-b6c96-s175395328-d26788732
2024-04-09 16:14:27+0900: GTP ready, beginning main protocol loop
2024-04-09 16:14:27+0900: Controller: boardsize 19
2024-04-09 16:14:27+0900: = 
2024-04-09 16:14:27+0900: Controller: komi 6.5
2024-04-09 16:14:27+0900: = 
2024-04-09 16:14:32+0900: Controller: play black D16
2024-04-09 16:14:32+0900: = 
2024-04-09 16:14:32+0900: Controller: final_score
2024-04-09 16:14:34+0900: = B+0.5
2024-04-09 16:14:34+0900: Controller: kata-raw-nn 0
2024-04-09 16:14:34+0900: = symmetry 0
whiteWin 0.478826
whiteLoss 0.521174
noResult 0.000000
whiteLead 0.231
whiteScoreSelfplay -0.305
whiteScoreSelfplaySq 978.333
varTimeLeft -1.000
shorttermWinlossError -1.000
shorttermScoreError -1.000
policy
0.000009 0.000019 0.000019 0.000018 0.000019 0.000018 0.000017 0.000013 0.000012 0.000012 0.000012 0.000012 0.000012 0.000013 0.000014 0.000011 0.000009 0.000013 0.000008 
0.000016 0.000035 0.000049 0.000103 0.000039 0.000030 0.000028 0.000027 0.000025 0.000025 0.000025 0.000025 0.000026 0.000029 0.000053 0.000047 0.000022 0.000019 0.000013 
0.000016 0.000060 0.008138 0.009546 0.000317 0.000127 0.000087 0.000110 0.000142 0.000170 0.000171 0.000154 0.000160 0.000232 0.001079 0.114170 0.012440 0.000020 0.000010 
0.000013 0.000124 0.012187     NAN 0.000577 0.000142 0.000107 0.000141 0.000174 0.000189 0.000181 0.000164 0.000150 0.000182 0.000824 0.060517 0.143861 0.000041 0.000012 
0.000014 0.000058 0.000302 0.000683 0.000098 0.000072 0.000071 0.000070 0.000070 0.000069 0.000068 0.000066 0.000066 0.000066 0.000132 0.000635 0.000952 0.000045 0.000017 
0.000015 0.000033 0.000159 0.000113 0.000073 0.000044 0.000054 0.000053 0.000056 0.000056 0.000055 0.000054 0.000053 0.000054 0.000072 0.000194 0.000198 0.000028 0.000017 
0.000014 0.000033 0.000129 0.000094 0.000068 0.000049 0.000052 0.000053 0.000055 0.000055 0.000055 0.000054 0.000053 0.000052 0.000064 0.000167 0.000137 0.000026 0.000015 
0.000013 0.000031 0.000127 0.000143 0.000062 0.000050 0.000052 0.000053 0.000055 0.000054 0.000054 0.000053 0.000053 0.000052 0.000063 0.000184 0.000144 0.000025 0.000015 
0.000013 0.000031 0.000167 0.000195 0.000067 0.000054 0.000053 0.000054 0.000055 0.000054 0.000054 0.000053 0.000054 0.000053 0.000063 0.000194 0.000151 0.000025 0.000014 
0.000013 0.000031 0.000194 0.000224 0.000067 0.000055 0.000053 0.000054 0.000054 0.000054 0.000054 0.000053 0.000054 0.000053 0.000063 0.000197 0.000156 0.000025 0.000014 
0.000013 0.000031 0.000180 0.000206 0.000066 0.000055 0.000053 0.000054 0.000054 0.000054 0.000054 0.000054 0.000054 0.000053 0.000063 0.000193 0.000153 0.000025 0.000014 
0.000013 0.000031 0.000161 0.000187 0.000064 0.000054 0.000052 0.000053 0.000054 0.000054 0.000054 0.000053 0.000053 0.000052 0.000063 0.000190 0.000155 0.000025 0.000014 
0.000013 0.000032 0.000153 0.000170 0.000067 0.000055 0.000053 0.000054 0.000054 0.000054 0.000054 0.000054 0.000054 0.000055 0.000064 0.000180 0.000156 0.000026 0.000015 
0.000012 0.000030 0.000208 0.000182 0.000073 0.000058 0.000053 0.000053 0.000053 0.000054 0.000054 0.000054 0.000055 0.000055 0.000069 0.000173 0.000233 0.000030 0.000016 
0.000013 0.000044 0.001020 0.000801 0.000129 0.000070 0.000064 0.000062 0.000063 0.000063 0.000063 0.000063 0.000064 0.000066 0.000163 0.000749 0.001379 0.000052 0.000017 
0.000011 0.000054 0.081430 0.056385 0.000520 0.000148 0.000149 0.000176 0.000186 0.000191 0.000193 0.000193 0.000179 0.000164 0.000609 0.047964 0.114237 0.000044 0.000014 
0.000009 0.000039 0.016423 0.148099 0.001392 0.000253 0.000165 0.000167 0.000169 0.000173 0.000174 0.000175 0.000188 0.000245 0.001483 0.127074 0.011529 0.000022 0.000012 
0.000008 0.000014 0.000032 0.000053 0.000042 0.000031 0.000031 0.000029 0.000029 0.000029 0.000029 0.000029 0.000029 0.000030 0.000038 0.000049 0.000022 0.000017 0.000011 
0.000005 0.000011 0.000009 0.000010 0.000014 0.000013 0.000013 0.000012 0.000012 0.000012 0.000012 0.000012 0.000013 0.000013 0.000014 0.000009 0.000008 0.000008 0.000005 
policyPass 0.000022 
whiteOwnership
-0.2814701 -0.1457890 -0.2111697 -0.2229099 -0.1773626 -0.1032257 -0.0718941 -0.0736399 -0.0692277 -0.0566182 -0.0515016 -0.0504279 -0.0506886 -0.0519075 -0.0474324 -0.0508645 -0.0430166 0.0199625 0.0176338 
-0.1574606 -0.1758352 -0.2722997 -0.2514842 -0.2013752 -0.0983715 -0.0801006 -0.0034663 -0.0010730 0.0107008 0.0196081 0.0221676 0.0250035 0.0466048 0.0690320 0.0237015 0.0100403 0.0635946 -0.0123165 
-0.2271123 -0.2040474 -0.3329227 -0.3362669 -0.2980697 -0.1702548 -0.0806701 -0.0427086 -0.0167164 0.0008303 0.0130530 0.0142295 0.0209833 0.0238096 0.1057911 0.1074685 -0.0151970 0.0039448 -0.0336199 
-0.2596992 -0.2374287 -0.4124299 -0.8437149 -0.2972431 -0.1640075 -0.0728975 -0.0053387 -0.0015449 0.0120020 0.0263866 0.0274478 0.0329681 0.0455697 0.0995935 0.0981782 0.0718541 0.0215399 -0.0171109 
-0.2121925 -0.1840009 -0.3739944 -0.3054974 -0.1745933 -0.0652603 -0.0199434 0.0006400 0.0107495 0.0206392 0.0337383 0.0355906 0.0344981 0.0246552 0.1262194 0.1108934 0.0400911 0.0699795 0.0043735 
-0.1453424 -0.1082193 -0.1722948 -0.1340300 -0.0707370 -0.0268378 -0.0350652 -0.0281898 -0.0222469 -0.0128580 -0.0036319 -0.0017962 -0.0051350 -0.0236480 0.0235517 0.0546873 0.0145167 0.0557478 0.0007522 
-0.0783293 -0.0480738 -0.1344396 -0.0360046 -0.0280345 -0.0291484 -0.0251303 -0.0172513 -0.0110903 -0.0064599 0.0003196 0.0016043 0.0006382 -0.0111171 0.0185291 0.0377526 -0.0053361 0.0215803 -0.0158612 
-0.0586515 0.0066127 -0.0513727 0.0150091 0.0037473 -0.0165607 -0.0148438 -0.0127490 -0.0075440 -0.0007835 0.0038416 0.0050484 0.0040697 -0.0055353 0.0277522 0.0465482 -0.0039537 0.0123736 -0.0211499 
-0.0505030 0.0155837 -0.0155261 0.0366193 0.0156202 -0.0088939 -0.0058305 -0.0051930 -0.0012456 0.0021816 0.0046521 0.0046851 0.0037469 -0.0050024 0.0300664 0.0492031 -0.0015251 0.0132454 -0.0222318 
-0.0547827 0.0176606 -0.0031941 0.0425417 0.0265758 0.0011580 0.0022121 0.0004692 0.0023033 0.0042422 0.0053340 0.0049496 0.0038922 -0.0048376 0.0301621 0.0492720 -0.0005085 0.0137949 -0.0220924 
-0.0557915 0.0187090 -0.0012793 0.0469408 0.0315516 0.0067197 0.0061446 0.0025528 0.0031661 0.0043883 0.0049096 0.0043680 0.0032293 -0.0057013 0.0295272 0.0487345 -0.0008299 0.0139634 -0.0218717 
-0.0546486 0.0185086 -0.0010834 0.0499010 0.0324947 0.0087467 0.0090184 0.0054137 0.0055821 0.0067237 0.0073013 0.0064400 0.0043302 -0.0067631 0.0296702 0.0483676 -0.0016948 0.0169414 -0.0214297 
-0.0528286 0.0229098 0.0038539 0.0490769 0.0274673 0.0004888 0.0060200 0.0023293 0.0017525 0.0028339 0.0032778 0.0019986 -0.0027211 -0.0151160 0.0247444 0.0477695 0.0024751 0.0221529 -0.0199985 
-0.0585889 0.0524197 0.0408678 0.0675740 0.0353701 -0.0042024 0.0055356 0.0067577 0.0056851 0.0060326 0.0070191 0.0036090 -0.0049747 -0.0199525 0.0354801 0.0834801 0.0492502 0.0480500 -0.0065729 
-0.0318936 0.0998373 0.0687452 0.1129270 0.1389446 0.0479716 0.0390968 0.0394914 0.0399523 0.0398125 0.0406830 0.0373003 0.0320212 0.0382110 0.1411577 0.1441787 0.1211994 0.0497752 0.0001231 
-0.0263079 0.0694586 0.0518628 0.0722101 0.1152065 0.0828184 0.0601722 0.0568456 0.0581350 0.0576992 0.0584147 0.0571686 0.0545101 0.0756178 0.1061347 0.0848927 0.0424346 0.0209017 -0.0078493 
-0.0430982 0.0495138 0.0277357 0.0974668 0.0732393 0.0541869 0.0251641 0.0191881 0.0166241 0.0159395 0.0169437 0.0164806 0.0178559 0.0604932 0.0837702 0.0485355 -0.0076405 0.0600208 -0.0412708 
-0.0236290 0.0732720 0.0585145 0.0720523 0.1237585 0.0723769 0.0291430 0.0110848 0.0080875 0.0093006 0.0101633 0.0115786 0.0245910 0.0523639 0.0800874 0.0311696 0.0516247 0.0803310 0.0048327 
-0.0210348 -0.0493565 -0.0525969 -0.0139136 0.0130415 0.0139830 0.0026120 -0.0051878 -0.0075257 -0.0074291 -0.0071508 -0.0062752 -0.0051958 -0.0107705 -0.0203382 -0.0326089 -0.0488170 -0.0285668 0.0048487
2024-04-09 16:14:34+0900: Controller: .
2024-04-09 16:14:34+0900: ? unknown command
2024-04-09 16:14:34+0900: GPU -1 finishing, processed 44 rows 43 batches
2024-04-09 16:14:34+0900: GPU -1 finishing, processed 44 rows 43 batches
2024-04-09 16:14:34+0900: GPU -1 finishing, processed 38 rows 38 batches
2024-04-09 16:14:34+0900: GPU -1 finishing, processed 44 rows 43 batches
2024-04-09 16:14:34+0900: GPU -1 finishing, processed 43 rows 41 batches
2024-04-09 16:14:34+0900: GPU -1 finishing, processed 42 rows 41 batches
2024-04-09 16:14:34+0900: All cleaned up, quitting
